<?xml version="1.0" encoding="UTF-8"?>
<!-- Generated by org.testng.reporters.JUnitReportReporter -->
<testsuite hostname="sony-PC" failures="0" tests="1" name="com.testng.Project" time="0.014" errors="0" timestamp="2022-11-09T09:47:25 IST" skipped="0">
  <testcase classname="com.testng.Project" name="username" time="0.014"/>
  <system-out/>
</testsuite> <!-- com.testng.Project -->
