<?xml version="1.0" encoding="UTF-8"?>
<!-- Generated by org.testng.reporters.JUnitReportReporter -->
<testsuite hostname="sony-PC" failures="0" tests="3" name="com.testng.Amazon_TestNG" time="79.816" errors="0" timestamp="2022-12-31T12:06:24 IST" skipped="0">
  <testcase classname="com.testng.Amazon_TestNG" name="user_Select_From_Dropdown" time="31.858"/>
  <system-out/>
  <testcase classname="com.testng.Amazon_TestNG" name="search_Toys" time="3.602"/>
  <system-out/>
  <testcase classname="com.testng.Amazon_TestNG" name="click_Search" time="44.356"/>
  <system-out/>
</testsuite> <!-- com.testng.Amazon_TestNG -->
