<?xml version="1.0" encoding="UTF-8"?>
<!-- Generated by org.testng.reporters.JUnitReportReporter -->
<testsuite hostname="sony-PC" failures="0" tests="1" name="com.AmazonMaven.AppTest" time="0.027" errors="0" timestamp="2022-11-09T11:50:15 IST" skipped="0">
  <testcase classname="com.AmazonMaven.AppTest" name="shouldAnswerWithTrue" time="0.027"/>
  <system-out/>
</testsuite> <!-- com.AmazonMaven.AppTest -->
